Determining if the pthread_create exist failed with the following output:
Change Dir: /home/meiqua/image_segmentation/segmentation/CMakeFiles/CMakeTmp

Run Build Command:"/usr/bin/make" "cmTC_730e7/fast"
/usr/bin/make -f CMakeFiles/cmTC_730e7.dir/build.make CMakeFiles/cmTC_730e7.dir/build
make[1]: Entering directory '/home/meiqua/image_segmentation/segmentation/CMakeFiles/CMakeTmp'
Building C object CMakeFiles/cmTC_730e7.dir/CheckSymbolExists.c.o
/usr/bin/gcc    -fPIC    -o CMakeFiles/cmTC_730e7.dir/CheckSymbolExists.c.o   -c /home/meiqua/image_segmentation/segmentation/CMakeFiles/CMakeTmp/CheckSymbolExists.c
Linking C executable cmTC_730e7
/usr/bin/cmake -E cmake_link_script CMakeFiles/cmTC_730e7.dir/link.txt --verbose=1
/usr/bin/gcc  -fPIC     CMakeFiles/cmTC_730e7.dir/CheckSymbolExists.c.o  -o cmTC_730e7 -rdynamic 
CMakeFiles/cmTC_730e7.dir/CheckSymbolExists.c.o: In function `main':
CheckSymbolExists.c:(.text+0x1b): undefined reference to `pthread_create'
collect2: error: ld returned 1 exit status
CMakeFiles/cmTC_730e7.dir/build.make:97: recipe for target 'cmTC_730e7' failed
make[1]: *** [cmTC_730e7] Error 1
make[1]: Leaving directory '/home/meiqua/image_segmentation/segmentation/CMakeFiles/CMakeTmp'
Makefile:126: recipe for target 'cmTC_730e7/fast' failed
make: *** [cmTC_730e7/fast] Error 2

File /home/meiqua/image_segmentation/segmentation/CMakeFiles/CMakeTmp/CheckSymbolExists.c:
/* */
#include <pthread.h>

int main(int argc, char** argv)
{
  (void)argv;
#ifndef pthread_create
  return ((int*)(&pthread_create))[argc];
#else
  (void)argc;
  return 0;
#endif
}

Determining if the function pthread_create exists in the pthreads failed with the following output:
Change Dir: /home/meiqua/image_segmentation/segmentation/CMakeFiles/CMakeTmp

Run Build Command:"/usr/bin/make" "cmTC_65516/fast"
/usr/bin/make -f CMakeFiles/cmTC_65516.dir/build.make CMakeFiles/cmTC_65516.dir/build
make[1]: Entering directory '/home/meiqua/image_segmentation/segmentation/CMakeFiles/CMakeTmp'
Building C object CMakeFiles/cmTC_65516.dir/CheckFunctionExists.c.o
/usr/bin/gcc    -fPIC -DCHECK_FUNCTION_EXISTS=pthread_create   -o CMakeFiles/cmTC_65516.dir/CheckFunctionExists.c.o   -c /usr/share/cmake-3.5/Modules/CheckFunctionExists.c
Linking C executable cmTC_65516
/usr/bin/cmake -E cmake_link_script CMakeFiles/cmTC_65516.dir/link.txt --verbose=1
/usr/bin/gcc  -fPIC -DCHECK_FUNCTION_EXISTS=pthread_create    CMakeFiles/cmTC_65516.dir/CheckFunctionExists.c.o  -o cmTC_65516 -rdynamic -lpthreads 
/usr/bin/ld: cannot find -lpthreads
collect2: error: ld returned 1 exit status
CMakeFiles/cmTC_65516.dir/build.make:97: recipe for target 'cmTC_65516' failed
make[1]: *** [cmTC_65516] Error 1
make[1]: Leaving directory '/home/meiqua/image_segmentation/segmentation/CMakeFiles/CMakeTmp'
Makefile:126: recipe for target 'cmTC_65516/fast' failed
make: *** [cmTC_65516/fast] Error 2


